<?xml version="1.0" encoding="UTF-8"?>
<testsuites name="Swag Labs" time="31.447" tests="3" failures="0" errors="0">
   <testsuite name="Swag Labs" tests="3" failures="0" errors="0" time="31.447" skipped="0" timestamp="2023-11-03 06:51:43" hostname="Pratikshya - INTLAP-254-Pratikshya-DN" id="Test Suites/Swag Labs">
      <properties>
         <property name="deviceName" value=""/>
         <property name="devicePlatform" value=""/>
         <property name="logFolder" value="C:\\Users\\Pratikshya\\git\\SwagLabsGit\\Reports\\20231103_065140\\Swag Labs\\20231103_065140"/>
         <property name="logFiles" value="C:\\Users\\Pratikshya\\git\\SwagLabsGit\\Reports\\20231103_065140\\Swag Labs\\20231103_065140\\execution0.log"/>
         <property name="attachments" value=""/>
         <property name="hostName" value="Pratikshya - INTLAP-254-Pratikshya-DN"/>
         <property name="os" value="Windows 11 64bit"/>
         <property name="katalonVersion" value="9.0.0.212"/>
         <property name="browser" value="Chrome 119.0.0.0"/>
         <property name="hostAddress" value="192.168.1.32"/>
         <property name="sessionId" value="11884041db4011bb642b2d55eec2fb05"/>
         <property name="seleniumVersion" value="3.141.59"/>
         <property name="proxyInformation" value="ProxyInformation { proxyOption=NO_PROXY, proxyServerType=HTTP, username=, password=********, proxyServerAddress=, proxyServerPort=0, executionList=&quot;&quot;, isApplyToDesiredCapabilities=true }"/>
         <property name="platform" value="Windows 11"/>
      </properties>
      <testcase name="Test Cases/Login Page Swag Labs" time="7.73" classname="Test Cases/Login Page Swag Labs" status="PASSED">
         <system-out><![CDATA[2023-11-03 06:51:43 - [TEST_CASE][PASSED] - Test Cases/Login Page Swag Labs: Test Cases/Login Page Swag Labs

2023-11-03 06:51:44 - [TEST_STEP][PASSED] - openBrowser(""): Browser is opened with url: ''

2023-11-03 06:51:44 - [MESSAGE][INFO] - Starting 'Chrome' driver

2023-11-03 06:51:44 - [MESSAGE][INFO] - Action delay is set to 0 milliseconds

2023-11-03 06:51:46 - [MESSAGE][PASSED] - Browser is opened with url: ''

2023-11-03 06:51:46 - [TEST_STEP][PASSED] - navigateToUrl("https://www.saucedemo.com/"): Navigate to 'https://www.saucedemo.com/' successfully

2023-11-03 06:51:48 - [MESSAGE][PASSED] - Navigate to 'https://www.saucedemo.com/' successfully

2023-11-03 06:51:48 - [TEST_STEP][PASSED] - setText(findTestObject("Object Repository/Page_Swag Labs/input_user-name"), findTestData("New Test Data").getValue(1, 1)): Text 'standard_user' is set on object 'Object Repository/Page_Swag Labs/input_user-name'

2023-11-03 06:51:50 - [MESSAGE][PASSED] - Text 'standard_user' is set on object 'Object Repository/Page_Swag Labs/input_user-name'

2023-11-03 06:51:50 - [TEST_STEP][PASSED] - setEncryptedText(findTestObject("Object Repository/Page_Swag Labs/input_password"), findTestData("New Test Data").getValue(2, 1)): Text ****** has been set on object 'Object Repository/Page_Swag Labs/input_password'

2023-11-03 06:51:51 - [MESSAGE][PASSED] - Text ****** has been set on object 'Object Repository/Page_Swag Labs/input_password'

2023-11-03 06:51:51 - [TEST_STEP][PASSED] - click(findTestObject("Object Repository/Page_Swag Labs/input_login-button")): Object: 'Object Repository/Page_Swag Labs/input_login-button' is clicked on

2023-11-03 06:51:51 - [MESSAGE][PASSED] - Object: 'Object Repository/Page_Swag Labs/input_login-button' is clicked on

2023-11-03 06:51:51 - [TEST_STEP][NOT_RUN] - closeBrowser(): NOT_RUN: closeBrowser()

2023-11-03 06:51:51 - [MESSAGE][NOT_RUN] - NOT_RUN: closeBrowser()]]></system-out>
         <system-err><![CDATA[]]></system-err>
      </testcase>
      <testcase name="Test Cases/New Purchase" time="11.977" classname="Test Cases/New Purchase" status="PASSED">
         <system-out><![CDATA[2023-11-03 06:51:51 - [TEST_CASE][PASSED] - Test Cases/New Purchase: Test Cases/New Purchase

2023-11-03 06:51:51 - [TEST_STEP][PASSED] - callTestCase(findTestCase("Login Page Swag Labs"), [:], STOP_ON_FAILURE): Call Test Case 'Test Cases/Login Page Swag Labs' successfully

2023-11-03 06:51:51 - [TEST_CASE][PASSED] - Test Cases/Login Page Swag Labs: Test Cases/Login Page Swag Labs

2023-11-03 06:51:51 - [TEST_STEP][PASSED] - openBrowser(""): Browser is opened with url: ''

2023-11-03 06:51:51 - [MESSAGE][WARNING] - A browser is already opened. Closing browser and opening a new one

2023-11-03 06:51:52 - [MESSAGE][INFO] - Starting 'Chrome' driver

2023-11-03 06:51:52 - [MESSAGE][INFO] - Action delay is set to 0 milliseconds

2023-11-03 06:51:52 - [MESSAGE][PASSED] - Browser is opened with url: ''

2023-11-03 06:51:52 - [TEST_STEP][PASSED] - navigateToUrl("https://www.saucedemo.com/"): Navigate to 'https://www.saucedemo.com/' successfully

2023-11-03 06:51:53 - [MESSAGE][PASSED] - Navigate to 'https://www.saucedemo.com/' successfully

2023-11-03 06:51:53 - [TEST_STEP][PASSED] - setText(findTestObject("Object Repository/Page_Swag Labs/input_user-name"), findTestData("New Test Data").getValue(1, 1)): Text 'standard_user' is set on object 'Object Repository/Page_Swag Labs/input_user-name'

2023-11-03 06:51:56 - [MESSAGE][PASSED] - Text 'standard_user' is set on object 'Object Repository/Page_Swag Labs/input_user-name'

2023-11-03 06:51:56 - [TEST_STEP][PASSED] - setEncryptedText(findTestObject("Object Repository/Page_Swag Labs/input_password"), findTestData("New Test Data").getValue(2, 1)): Text ****** has been set on object 'Object Repository/Page_Swag Labs/input_password'

2023-11-03 06:51:57 - [MESSAGE][PASSED] - Text ****** has been set on object 'Object Repository/Page_Swag Labs/input_password'

2023-11-03 06:51:57 - [TEST_STEP][PASSED] - click(findTestObject("Object Repository/Page_Swag Labs/input_login-button")): Object: 'Object Repository/Page_Swag Labs/input_login-button' is clicked on

2023-11-03 06:51:57 - [MESSAGE][PASSED] - Object: 'Object Repository/Page_Swag Labs/input_login-button' is clicked on

2023-11-03 06:51:57 - [TEST_STEP][NOT_RUN] - closeBrowser(): NOT_RUN: closeBrowser()

2023-11-03 06:51:57 - [MESSAGE][NOT_RUN] - NOT_RUN: closeBrowser()

2023-11-03 06:51:57 - [MESSAGE][PASSED] - Call Test Case 'Test Cases/Login Page Swag Labs' successfully

2023-11-03 06:51:57 - [TEST_STEP][PASSED] - click(findTestObject("Object Repository/Page_Swag Labs/Page_Swag Labs/button_Add to cart")): Object: 'Object Repository/Page_Swag Labs/Page_Swag Labs/button_Add to cart' is clicked on

2023-11-03 06:51:58 - [MESSAGE][PASSED] - Object: 'Object Repository/Page_Swag Labs/Page_Swag Labs/button_Add to cart' is clicked on

2023-11-03 06:51:58 - [TEST_STEP][PASSED] - click(findTestObject("Object Repository/Page_Swag Labs/Page_Swag Labs/button_Add to cart_1")): Object: 'Object Repository/Page_Swag Labs/Page_Swag Labs/button_Add to cart_1' is clicked on

2023-11-03 06:51:58 - [MESSAGE][PASSED] - Object: 'Object Repository/Page_Swag Labs/Page_Swag Labs/button_Add to cart_1' is clicked on

2023-11-03 06:51:58 - [TEST_STEP][PASSED] - click(findTestObject("Object Repository/Page_Swag Labs/Page_Swag Labs/a_2")): Object: 'Object Repository/Page_Swag Labs/Page_Swag Labs/a_2' is clicked on

2023-11-03 06:51:59 - [MESSAGE][PASSED] - Object: 'Object Repository/Page_Swag Labs/Page_Swag Labs/a_2' is clicked on

2023-11-03 06:51:59 - [TEST_STEP][PASSED] - click(findTestObject("Object Repository/Page_Swag Labs/Page_Swag Labs/button_Checkout")): Object: 'Object Repository/Page_Swag Labs/Page_Swag Labs/button_Checkout' is clicked on

2023-11-03 06:51:59 - [MESSAGE][PASSED] - Object: 'Object Repository/Page_Swag Labs/Page_Swag Labs/button_Checkout' is clicked on

2023-11-03 06:51:59 - [TEST_STEP][PASSED] - setText(findTestObject("Object Repository/Page_Swag Labs/Page_Swag Labs/input_firstName"), findTestData("New Test Data").getValue(3, 1)): Text 'Levi' is set on object 'Object Repository/Page_Swag Labs/Page_Swag Labs/input_firstName'

2023-11-03 06:52:00 - [MESSAGE][PASSED] - Text 'Levi' is set on object 'Object Repository/Page_Swag Labs/Page_Swag Labs/input_firstName'

2023-11-03 06:52:00 - [TEST_STEP][PASSED] - setText(findTestObject("Object Repository/Page_Swag Labs/Page_Swag Labs/input_lastName"), findTestData("New Test Data").getValue(4, 1)): Text 'James' is set on object 'Object Repository/Page_Swag Labs/Page_Swag Labs/input_lastName'

2023-11-03 06:52:01 - [MESSAGE][PASSED] - Text 'James' is set on object 'Object Repository/Page_Swag Labs/Page_Swag Labs/input_lastName'

2023-11-03 06:52:01 - [TEST_STEP][PASSED] - setText(findTestObject("Object Repository/Page_Swag Labs/Page_Swag Labs/input_postalCode"), findTestData("New Test Data").getValue(5, 1)): Text '47226' is set on object 'Object Repository/Page_Swag Labs/Page_Swag Labs/input_postalCode'

2023-11-03 06:52:01 - [MESSAGE][PASSED] - Text '47226' is set on object 'Object Repository/Page_Swag Labs/Page_Swag Labs/input_postalCode'

2023-11-03 06:52:01 - [TEST_STEP][PASSED] - click(findTestObject("Object Repository/Page_Swag Labs/Page_Swag Labs/input_continue")): Object: 'Object Repository/Page_Swag Labs/Page_Swag Labs/input_continue' is clicked on

2023-11-03 06:52:02 - [MESSAGE][PASSED] - Object: 'Object Repository/Page_Swag Labs/Page_Swag Labs/input_continue' is clicked on

2023-11-03 06:52:02 - [TEST_STEP][PASSED] - click(findTestObject("Object Repository/Page_Swag Labs/Page_Swag Labs/button_Finish")): Object: 'Object Repository/Page_Swag Labs/Page_Swag Labs/button_Finish' is clicked on

2023-11-03 06:52:03 - [MESSAGE][PASSED] - Object: 'Object Repository/Page_Swag Labs/Page_Swag Labs/button_Finish' is clicked on

2023-11-03 06:52:03 - [TEST_STEP][PASSED] - click(findTestObject("Object Repository/Page_Swag Labs/Page_Swag Labs/button_Back Home")): Object: 'Object Repository/Page_Swag Labs/Page_Swag Labs/button_Back Home' is clicked on

2023-11-03 06:52:03 - [MESSAGE][PASSED] - Object: 'Object Repository/Page_Swag Labs/Page_Swag Labs/button_Back Home' is clicked on

2023-11-03 06:52:03 - [TEST_STEP][NOT_RUN] - closeBrowser(): NOT_RUN: closeBrowser()

2023-11-03 06:52:03 - [MESSAGE][NOT_RUN] - NOT_RUN: closeBrowser()]]></system-out>
         <system-err><![CDATA[]]></system-err>
      </testcase>
      <testcase name="Test Cases/Edit cart" time="11.473" classname="Test Cases/Edit cart" status="PASSED">
         <system-out><![CDATA[2023-11-03 06:52:03 - [TEST_CASE][PASSED] - Test Cases/Edit cart: Test Cases/Edit cart

2023-11-03 06:52:03 - [TEST_STEP][PASSED] - callTestCase(findTestCase("Login Page Swag Labs"), [:], STOP_ON_FAILURE): Call Test Case 'Test Cases/Login Page Swag Labs' successfully

2023-11-03 06:52:03 - [TEST_CASE][PASSED] - Test Cases/Login Page Swag Labs: Test Cases/Login Page Swag Labs

2023-11-03 06:52:03 - [TEST_STEP][PASSED] - openBrowser(""): Browser is opened with url: ''

2023-11-03 06:52:03 - [MESSAGE][WARNING] - A browser is already opened. Closing browser and opening a new one

2023-11-03 06:52:03 - [MESSAGE][INFO] - Starting 'Chrome' driver

2023-11-03 06:52:03 - [MESSAGE][INFO] - Action delay is set to 0 milliseconds

2023-11-03 06:52:04 - [MESSAGE][PASSED] - Browser is opened with url: ''

2023-11-03 06:52:04 - [TEST_STEP][PASSED] - navigateToUrl("https://www.saucedemo.com/"): Navigate to 'https://www.saucedemo.com/' successfully

2023-11-03 06:52:05 - [MESSAGE][PASSED] - Navigate to 'https://www.saucedemo.com/' successfully

2023-11-03 06:52:05 - [TEST_STEP][PASSED] - setText(findTestObject("Object Repository/Page_Swag Labs/input_user-name"), findTestData("New Test Data").getValue(1, 1)): Text 'standard_user' is set on object 'Object Repository/Page_Swag Labs/input_user-name'

2023-11-03 06:52:07 - [MESSAGE][PASSED] - Text 'standard_user' is set on object 'Object Repository/Page_Swag Labs/input_user-name'

2023-11-03 06:52:07 - [TEST_STEP][PASSED] - setEncryptedText(findTestObject("Object Repository/Page_Swag Labs/input_password"), findTestData("New Test Data").getValue(2, 1)): Text ****** has been set on object 'Object Repository/Page_Swag Labs/input_password'

2023-11-03 06:52:07 - [MESSAGE][PASSED] - Text ****** has been set on object 'Object Repository/Page_Swag Labs/input_password'

2023-11-03 06:52:07 - [TEST_STEP][PASSED] - click(findTestObject("Object Repository/Page_Swag Labs/input_login-button")): Object: 'Object Repository/Page_Swag Labs/input_login-button' is clicked on

2023-11-03 06:52:07 - [MESSAGE][PASSED] - Object: 'Object Repository/Page_Swag Labs/input_login-button' is clicked on

2023-11-03 06:52:07 - [TEST_STEP][NOT_RUN] - closeBrowser(): NOT_RUN: closeBrowser()

2023-11-03 06:52:07 - [MESSAGE][NOT_RUN] - NOT_RUN: closeBrowser()

2023-11-03 06:52:07 - [MESSAGE][PASSED] - Call Test Case 'Test Cases/Login Page Swag Labs' successfully

2023-11-03 06:52:07 - [TEST_STEP][PASSED] - click(findTestObject("Object Repository/Page_Swag Labs/button_Add to cart")): Object: 'Object Repository/Page_Swag Labs/button_Add to cart' is clicked on

2023-11-03 06:52:08 - [MESSAGE][PASSED] - Object: 'Object Repository/Page_Swag Labs/button_Add to cart' is clicked on

2023-11-03 06:52:08 - [TEST_STEP][PASSED] - click(findTestObject("Object Repository/Page_Swag Labs/button_Add to cart_1")): Object: 'Object Repository/Page_Swag Labs/button_Add to cart_1' is clicked on

2023-11-03 06:52:08 - [MESSAGE][PASSED] - Object: 'Object Repository/Page_Swag Labs/button_Add to cart_1' is clicked on

2023-11-03 06:52:08 - [TEST_STEP][PASSED] - click(findTestObject("Object Repository/Page_Swag Labs/button_Add to cart_1_2")): Object: 'Object Repository/Page_Swag Labs/button_Add to cart_1_2' is clicked on

2023-11-03 06:52:09 - [MESSAGE][PASSED] - Object: 'Object Repository/Page_Swag Labs/button_Add to cart_1_2' is clicked on

2023-11-03 06:52:09 - [TEST_STEP][PASSED] - click(findTestObject("Object Repository/Page_Swag Labs/span_3")): Object: 'Object Repository/Page_Swag Labs/span_3' is clicked on

2023-11-03 06:52:09 - [MESSAGE][PASSED] - Object: 'Object Repository/Page_Swag Labs/span_3' is clicked on

2023-11-03 06:52:09 - [TEST_STEP][PASSED] - click(findTestObject("Object Repository/Page_Swag Labs/button_Remove")): Object: 'Object Repository/Page_Swag Labs/button_Remove' is clicked on

2023-11-03 06:52:10 - [MESSAGE][PASSED] - Object: 'Object Repository/Page_Swag Labs/button_Remove' is clicked on

2023-11-03 06:52:10 - [TEST_STEP][PASSED] - click(findTestObject("Object Repository/Page_Swag Labs/button_Checkout")): Object: 'Object Repository/Page_Swag Labs/button_Checkout' is clicked on

2023-11-03 06:52:11 - [MESSAGE][PASSED] - Object: 'Object Repository/Page_Swag Labs/button_Checkout' is clicked on

2023-11-03 06:52:11 - [TEST_STEP][PASSED] - setText(findTestObject("Object Repository/Page_Swag Labs/Page_Swag Labs/input_firstName"), findTestData("New Test Data").getValue(3, 1)): Text 'Levi' is set on object 'Object Repository/Page_Swag Labs/Page_Swag Labs/input_firstName'

2023-11-03 06:52:11 - [MESSAGE][PASSED] - Text 'Levi' is set on object 'Object Repository/Page_Swag Labs/Page_Swag Labs/input_firstName'

2023-11-03 06:52:11 - [TEST_STEP][PASSED] - setText(findTestObject("Object Repository/Page_Swag Labs/Page_Swag Labs/input_lastName"), findTestData("New Test Data").getValue(4, 1)): Text 'James' is set on object 'Object Repository/Page_Swag Labs/Page_Swag Labs/input_lastName'

2023-11-03 06:52:12 - [MESSAGE][PASSED] - Text 'James' is set on object 'Object Repository/Page_Swag Labs/Page_Swag Labs/input_lastName'

2023-11-03 06:52:12 - [TEST_STEP][PASSED] - setText(findTestObject("Object Repository/Page_Swag Labs/Page_Swag Labs/input_postalCode"), findTestData("New Test Data").getValue(5, 1)): Text '47226' is set on object 'Object Repository/Page_Swag Labs/Page_Swag Labs/input_postalCode'

2023-11-03 06:52:13 - [MESSAGE][PASSED] - Text '47226' is set on object 'Object Repository/Page_Swag Labs/Page_Swag Labs/input_postalCode'

2023-11-03 06:52:13 - [TEST_STEP][PASSED] - click(findTestObject("Object Repository/Page_Swag Labs/Page_Swag Labs/input_continue")): Object: 'Object Repository/Page_Swag Labs/Page_Swag Labs/input_continue' is clicked on

2023-11-03 06:52:14 - [MESSAGE][PASSED] - Object: 'Object Repository/Page_Swag Labs/Page_Swag Labs/input_continue' is clicked on

2023-11-03 06:52:14 - [TEST_STEP][PASSED] - click(findTestObject("Object Repository/Page_Swag Labs/Page_Swag Labs/button_Finish")): Object: 'Object Repository/Page_Swag Labs/Page_Swag Labs/button_Finish' is clicked on

2023-11-03 06:52:14 - [MESSAGE][PASSED] - Object: 'Object Repository/Page_Swag Labs/Page_Swag Labs/button_Finish' is clicked on

2023-11-03 06:52:14 - [TEST_STEP][PASSED] - click(findTestObject("Object Repository/Page_Swag Labs/Page_Swag Labs/button_Back Home")): Object: 'Object Repository/Page_Swag Labs/Page_Swag Labs/button_Back Home' is clicked on

2023-11-03 06:52:15 - [MESSAGE][PASSED] - Object: 'Object Repository/Page_Swag Labs/Page_Swag Labs/button_Back Home' is clicked on]]></system-out>
         <system-err><![CDATA[]]></system-err>
      </testcase>
      <system-out><![CDATA[2023-11-03 06:51:43 - [TEST_SUITE][PASSED] - Swag Labs: Test Cases/Edit cart]]></system-out>
      <system-err><![CDATA[]]></system-err>
   </testsuite>
</testsuites>
