<?xml version="1.0" encoding="UTF-8"?>
<testsuites name="Swag Labs" time="21.928" tests="2" failures="0" errors="0">
   <testsuite name="Swag Labs" tests="2" failures="0" errors="0" time="21.928" skipped="0" timestamp="2023-11-02 10:55:56" hostname="Pratikshya - INTLAP-254-Pratikshya-DN" id="Test Suites/Swag Labs">
      <properties>
         <property name="deviceName" value=""/>
         <property name="devicePlatform" value=""/>
         <property name="logFolder" value="C:\\Users\\Pratikshya\\git\\SwagLabsGit\\Reports\\20231102_105551\\Swag Labs\\20231102_105551"/>
         <property name="logFiles" value="C:\\Users\\Pratikshya\\git\\SwagLabsGit\\Reports\\20231102_105551\\Swag Labs\\20231102_105551\\execution0.log"/>
         <property name="attachments" value=""/>
         <property name="hostName" value="Pratikshya - INTLAP-254-Pratikshya-DN"/>
         <property name="os" value="Windows 11 64bit"/>
         <property name="katalonVersion" value="9.0.0.212"/>
         <property name="browser" value="Chrome 119.0.0.0"/>
         <property name="hostAddress" value="192.168.1.32"/>
         <property name="sessionId" value="9710fde5c986b30c28d2e19ffb75ca67"/>
         <property name="seleniumVersion" value="3.141.59"/>
         <property name="proxyInformation" value="ProxyInformation { proxyOption=NO_PROXY, proxyServerType=HTTP, username=, password=********, proxyServerAddress=, proxyServerPort=0, executionList=&quot;&quot;, isApplyToDesiredCapabilities=true }"/>
         <property name="platform" value="Windows 11"/>
      </properties>
      <testcase name="Test Cases/Login Page Swag Labs" time="8.362" classname="Test Cases/Login Page Swag Labs" status="PASSED">
         <system-out><![CDATA[2023-11-02 10:55:56 - [TEST_CASE][PASSED] - Test Cases/Login Page Swag Labs: Test Cases/Login Page Swag Labs

2023-11-02 10:55:56 - [TEST_STEP][PASSED] - openBrowser(""): Browser is opened with url: ''

2023-11-02 10:55:57 - [MESSAGE][INFO] - Starting 'Chrome' driver

2023-11-02 10:55:57 - [MESSAGE][INFO] - Action delay is set to 0 milliseconds

2023-11-02 10:55:58 - [MESSAGE][PASSED] - Browser is opened with url: ''

2023-11-02 10:55:58 - [TEST_STEP][PASSED] - navigateToUrl("https://www.saucedemo.com/"): Navigate to 'https://www.saucedemo.com/' successfully

2023-11-02 10:56:01 - [MESSAGE][PASSED] - Navigate to 'https://www.saucedemo.com/' successfully

2023-11-02 10:56:01 - [TEST_STEP][PASSED] - setText(findTestObject("Object Repository/Page_Swag Labs/input_user-name"), findTestData("New Test Data").getValue(1, 1)): Text 'standard_user' is set on object 'Object Repository/Page_Swag Labs/input_user-name'

2023-11-02 10:56:04 - [MESSAGE][PASSED] - Text 'standard_user' is set on object 'Object Repository/Page_Swag Labs/input_user-name'

2023-11-02 10:56:04 - [TEST_STEP][PASSED] - setEncryptedText(findTestObject("Object Repository/Page_Swag Labs/input_password"), findTestData("New Test Data").getValue(2, 1)): Text ****** has been set on object 'Object Repository/Page_Swag Labs/input_password'

2023-11-02 10:56:04 - [MESSAGE][PASSED] - Text ****** has been set on object 'Object Repository/Page_Swag Labs/input_password'

2023-11-02 10:56:04 - [TEST_STEP][PASSED] - click(findTestObject("Object Repository/Page_Swag Labs/input_login-button")): Object: 'Object Repository/Page_Swag Labs/input_login-button' is clicked on

2023-11-02 10:56:04 - [MESSAGE][PASSED] - Object: 'Object Repository/Page_Swag Labs/input_login-button' is clicked on

2023-11-02 10:56:04 - [TEST_STEP][NOT_RUN] - closeBrowser(): NOT_RUN: closeBrowser()

2023-11-02 10:56:04 - [MESSAGE][NOT_RUN] - NOT_RUN: closeBrowser()]]></system-out>
         <system-err><![CDATA[]]></system-err>
      </testcase>
      <testcase name="Test Cases/New Purchase" time="13.364" classname="Test Cases/New Purchase" status="PASSED">
         <system-out><![CDATA[2023-11-02 10:56:04 - [TEST_CASE][PASSED] - Test Cases/New Purchase: Test Cases/New Purchase

2023-11-02 10:56:05 - [TEST_STEP][PASSED] - openBrowser(""): Browser is opened with url: ''

2023-11-02 10:56:05 - [MESSAGE][WARNING] - A browser is already opened. Closing browser and opening a new one

2023-11-02 10:56:05 - [MESSAGE][INFO] - Starting 'Chrome' driver

2023-11-02 10:56:05 - [MESSAGE][INFO] - Action delay is set to 0 milliseconds

2023-11-02 10:56:06 - [MESSAGE][PASSED] - Browser is opened with url: ''

2023-11-02 10:56:06 - [TEST_STEP][PASSED] - navigateToUrl("https://www.saucedemo.com/"): Navigate to 'https://www.saucedemo.com/' successfully

2023-11-02 10:56:09 - [MESSAGE][PASSED] - Navigate to 'https://www.saucedemo.com/' successfully

2023-11-02 10:56:09 - [TEST_STEP][PASSED] - setText(findTestObject("Object Repository/Page_Swag Labs/Page_Swag Labs/input_user-name"), "standard_user"): Text 'standard_user' is set on object 'Object Repository/Page_Swag Labs/Page_Swag Labs/input_user-name'

2023-11-02 10:56:11 - [MESSAGE][PASSED] - Text 'standard_user' is set on object 'Object Repository/Page_Swag Labs/Page_Swag Labs/input_user-name'

2023-11-02 10:56:11 - [TEST_STEP][PASSED] - setEncryptedText(findTestObject("Object Repository/Page_Swag Labs/Page_Swag Labs/input_password"), "qcu24s4901FyWDTwXGr6XA=="): Text ****** has been set on object 'Object Repository/Page_Swag Labs/Page_Swag Labs/input_password'

2023-11-02 10:56:11 - [MESSAGE][PASSED] - Text ****** has been set on object 'Object Repository/Page_Swag Labs/Page_Swag Labs/input_password'

2023-11-02 10:56:11 - [TEST_STEP][PASSED] - click(findTestObject("Object Repository/Page_Swag Labs/Page_Swag Labs/input_login-button")): Object: 'Object Repository/Page_Swag Labs/Page_Swag Labs/input_login-button' is clicked on

2023-11-02 10:56:12 - [MESSAGE][PASSED] - Object: 'Object Repository/Page_Swag Labs/Page_Swag Labs/input_login-button' is clicked on

2023-11-02 10:56:12 - [TEST_STEP][PASSED] - click(findTestObject("Object Repository/Page_Swag Labs/Page_Swag Labs/button_Add to cart")): Object: 'Object Repository/Page_Swag Labs/Page_Swag Labs/button_Add to cart' is clicked on

2023-11-02 10:56:12 - [MESSAGE][PASSED] - Object: 'Object Repository/Page_Swag Labs/Page_Swag Labs/button_Add to cart' is clicked on

2023-11-02 10:56:12 - [TEST_STEP][PASSED] - click(findTestObject("Object Repository/Page_Swag Labs/Page_Swag Labs/button_Add to cart_1")): Object: 'Object Repository/Page_Swag Labs/Page_Swag Labs/button_Add to cart_1' is clicked on

2023-11-02 10:56:13 - [MESSAGE][PASSED] - Object: 'Object Repository/Page_Swag Labs/Page_Swag Labs/button_Add to cart_1' is clicked on

2023-11-02 10:56:13 - [TEST_STEP][PASSED] - click(findTestObject("Object Repository/Page_Swag Labs/Page_Swag Labs/a_2")): Object: 'Object Repository/Page_Swag Labs/Page_Swag Labs/a_2' is clicked on

2023-11-02 10:56:13 - [MESSAGE][PASSED] - Object: 'Object Repository/Page_Swag Labs/Page_Swag Labs/a_2' is clicked on

2023-11-02 10:56:13 - [TEST_STEP][PASSED] - click(findTestObject("Object Repository/Page_Swag Labs/Page_Swag Labs/button_Checkout")): Object: 'Object Repository/Page_Swag Labs/Page_Swag Labs/button_Checkout' is clicked on

2023-11-02 10:56:14 - [MESSAGE][PASSED] - Object: 'Object Repository/Page_Swag Labs/Page_Swag Labs/button_Checkout' is clicked on

2023-11-02 10:56:14 - [TEST_STEP][PASSED] - setText(findTestObject("Object Repository/Page_Swag Labs/Page_Swag Labs/input_firstName"), findTestData("New Test Data").getValue(3, 1)): Text 'Levi' is set on object 'Object Repository/Page_Swag Labs/Page_Swag Labs/input_firstName'

2023-11-02 10:56:15 - [MESSAGE][PASSED] - Text 'Levi' is set on object 'Object Repository/Page_Swag Labs/Page_Swag Labs/input_firstName'

2023-11-02 10:56:15 - [TEST_STEP][PASSED] - setText(findTestObject("Object Repository/Page_Swag Labs/Page_Swag Labs/input_lastName"), findTestData("New Test Data").getValue(4, 1)): Text 'James' is set on object 'Object Repository/Page_Swag Labs/Page_Swag Labs/input_lastName'

2023-11-02 10:56:15 - [MESSAGE][PASSED] - Text 'James' is set on object 'Object Repository/Page_Swag Labs/Page_Swag Labs/input_lastName'

2023-11-02 10:56:16 - [TEST_STEP][PASSED] - setText(findTestObject("Object Repository/Page_Swag Labs/Page_Swag Labs/input_postalCode"), findTestData("New Test Data").getValue(5, 1)): Text '47226' is set on object 'Object Repository/Page_Swag Labs/Page_Swag Labs/input_postalCode'

2023-11-02 10:56:16 - [MESSAGE][PASSED] - Text '47226' is set on object 'Object Repository/Page_Swag Labs/Page_Swag Labs/input_postalCode'

2023-11-02 10:56:16 - [TEST_STEP][PASSED] - click(findTestObject("Object Repository/Page_Swag Labs/Page_Swag Labs/input_continue")): Object: 'Object Repository/Page_Swag Labs/Page_Swag Labs/input_continue' is clicked on

2023-11-02 10:56:17 - [MESSAGE][PASSED] - Object: 'Object Repository/Page_Swag Labs/Page_Swag Labs/input_continue' is clicked on

2023-11-02 10:56:17 - [TEST_STEP][PASSED] - click(findTestObject("Object Repository/Page_Swag Labs/Page_Swag Labs/button_Finish")): Object: 'Object Repository/Page_Swag Labs/Page_Swag Labs/button_Finish' is clicked on

2023-11-02 10:56:17 - [MESSAGE][PASSED] - Object: 'Object Repository/Page_Swag Labs/Page_Swag Labs/button_Finish' is clicked on

2023-11-02 10:56:17 - [TEST_STEP][PASSED] - click(findTestObject("Object Repository/Page_Swag Labs/Page_Swag Labs/button_Back Home")): Object: 'Object Repository/Page_Swag Labs/Page_Swag Labs/button_Back Home' is clicked on

2023-11-02 10:56:18 - [MESSAGE][PASSED] - Object: 'Object Repository/Page_Swag Labs/Page_Swag Labs/button_Back Home' is clicked on

2023-11-02 10:56:18 - [TEST_STEP][NOT_RUN] - closeBrowser(): NOT_RUN: closeBrowser()

2023-11-02 10:56:18 - [MESSAGE][NOT_RUN] - NOT_RUN: closeBrowser()]]></system-out>
         <system-err><![CDATA[]]></system-err>
      </testcase>
      <system-out><![CDATA[2023-11-02 10:55:56 - [TEST_SUITE][PASSED] - Swag Labs: Test Cases/New Purchase]]></system-out>
      <system-err><![CDATA[]]></system-err>
   </testsuite>
</testsuites>
